<?xml version="1.0" encoding="UTF-8"?>
<testng-results ignored="0" total="1" passed="1" failed="0" skipped="0">
  <reporter-output>
  </reporter-output>
  <suite started-at="2022-05-18T21:44:29 IST" name="Default suite" finished-at="2022-05-18T21:44:37 IST" duration-ms="8329">
    <groups>
    </groups>
    <test started-at="2022-05-18T21:44:29 IST" name="Default test" finished-at="2022-05-18T21:44:37 IST" duration-ms="8329">
      <class name="BookingAPITest">
        <test-method signature="bookingAPI()[pri:0, instance:BookingAPITest@3ee37e5a]" started-at="2022-05-18T21:44:29 IST" name="bookingAPI" finished-at="2022-05-18T21:44:37 IST" duration-ms="8257" status="PASS">
          <reporter-output>
          </reporter-output>
        </test-method> <!-- bookingAPI -->
      </class> <!-- BookingAPITest -->
    </test> <!-- Default test -->
  </suite> <!-- Default suite -->
</testng-results>
